<?xml version="1.0" encoding="UTF-8"?>
<!-- Generated by org.testng.reporters.JUnitXMLReporter -->
<testsuite hostname="LAPTOP-7IJ4EHTF" name="Surefire test" tests="7" failures="0" timestamp="26 Apr 2020 12:12:49 GMT" time="0.051" errors="0">
  <testcase name="@BeforeSuite setup" time="0.0" classname="org.justanswer.TestJustAnswer">
    <failure type="org.openqa.selenium.WebDriverException" message="unknown error: cannot determine loading status
from unknown error: cannot determine loading status
from disconnected: received Inspector.detached event
  (Session info: chrome=81.0.4044.122)
Build info: version: &amp;apos;3.8.1&amp;apos;, revision: &amp;apos;6e95a6684b&amp;apos;, time: &amp;apos;2017-12-01T18:33:54.468Z&amp;apos;
System info: host: &amp;apos;LAPTOP-7IJ4EHTF&amp;apos;, ip: &amp;apos;192.168.43.124&amp;apos;, os.name: &amp;apos;Windows 10&amp;apos;, os.arch: &amp;apos;amd64&amp;apos;, os.version: &amp;apos;10.0&amp;apos;, java.version: &amp;apos;1.8.0_202&amp;apos;
Driver info: org.openqa.selenium.chrome.ChromeDriver
Capabilities {acceptInsecureCerts: false, browserName: chrome, browserVersion: 81.0.4044.122, chrome: {chromedriverVersion: 81.0.4044.20 (f006328e39a97..., userDataDir: C:\Users\ril\AppData\Local\...}, goog:chromeOptions: {debuggerAddress: localhost:51464}, javascriptEnabled: true, networkConnectionEnabled: false, pageLoadStrategy: normal, platform: WINDOWS, platformName: WINDOWS, proxy: Proxy(), setWindowRect: true, strictFileInteractability: false, timeouts: {implicit: 0, pageLoad: 300000, script: 30000}, unhandledPromptBehavior: dismiss and notify, webauthn:virtualAuthenticators: true}
Session ID: 1b871547caadae79f2052f13c97bc810">
      <![CDATA[org.openqa.selenium.WebDriverException: unknown error: cannot determine loading status
from unknown error: cannot determine loading status
from disconnected: received Inspector.detached event
  (Session info: chrome=81.0.4044.122)
Build info: version: '3.8.1', revision: '6e95a6684b', time: '2017-12-01T18:33:54.468Z'
System info: host: 'LAPTOP-7IJ4EHTF', ip: '192.168.43.124', os.name: 'Windows 10', os.arch: 'amd64', os.version: '10.0', java.version: '1.8.0_202'
Driver info: org.openqa.selenium.chrome.ChromeDriver
Capabilities {acceptInsecureCerts: false, browserName: chrome, browserVersion: 81.0.4044.122, chrome: {chromedriverVersion: 81.0.4044.20 (f006328e39a97..., userDataDir: C:\Users\ril\AppData\Local\...}, goog:chromeOptions: {debuggerAddress: localhost:51464}, javascriptEnabled: true, networkConnectionEnabled: false, pageLoadStrategy: normal, platform: WINDOWS, platformName: WINDOWS, proxy: Proxy(), setWindowRect: true, strictFileInteractability: false, timeouts: {implicit: 0, pageLoad: 300000, script: 30000}, unhandledPromptBehavior: dismiss and notify, webauthn:virtualAuthenticators: true}
Session ID: 1b871547caadae79f2052f13c97bc810
	at org.openqa.selenium.remote.http.W3CHttpResponseCodec.createException(W3CHttpResponseCodec.java:187)
	at org.openqa.selenium.remote.http.W3CHttpResponseCodec.decode(W3CHttpResponseCodec.java:122)
	at org.openqa.selenium.remote.http.W3CHttpResponseCodec.decode(W3CHttpResponseCodec.java:49)
	at org.openqa.selenium.remote.HttpCommandExecutor.execute(HttpCommandExecutor.java:164)
	at org.openqa.selenium.remote.service.DriverCommandExecutor.execute(DriverCommandExecutor.java:83)
	at org.openqa.selenium.remote.RemoteWebDriver.execute(RemoteWebDriver.java:601)
	at org.openqa.selenium.remote.RemoteWebDriver.get(RemoteWebDriver.java:325)
	at base.BaseTest.setup(BaseTest.java:50)
... Removed 27 stack frames]]>
    </failure>
  </testcase> <!-- @BeforeSuite setup -->
  <testcase name="@BeforeTest commonAction" time="0.0" classname="org.justanswer.TestJustAnswer">
    <skipped/>
  </testcase> <!-- @BeforeTest commonAction -->
  <testcase name="@BeforeTest createDriver" time="0.0" classname="org.justanswer.TestJustAnswer">
    <skipped/>
  </testcase> <!-- @BeforeTest createDriver -->
  <testcase name="@AfterClass tearDown" time="0.0" classname="org.justanswer.TestJustAnswer">
    <skipped/>
  </testcase> <!-- @AfterClass tearDown -->
  <testcase name="@AfterClass tearDown" time="0.0" classname="org.justanswer.TestScenario3">
    <skipped/>
  </testcase> <!-- @AfterClass tearDown -->
  <testcase name="verifyCVVError" time="0.001" classname="org.justanswer.TestJustAnswer">
    <skipped/>
  </testcase> <!-- verifyCVVError -->
  <testcase name="verifyCardError" time="0.0" classname="org.justanswer.TestJustAnswer">
    <skipped/>
  </testcase> <!-- verifyCardError -->
  <testcase name="verifyEmailError" time="0.0" classname="org.justanswer.TestJustAnswer">
    <skipped/>
  </testcase> <!-- verifyEmailError -->
  <testcase name="verifyExpiryError" time="0.0" classname="org.justanswer.TestJustAnswer">
    <skipped/>
  </testcase> <!-- verifyExpiryError -->
  <testcase name="verifyExpiryFormatError" time="0.001" classname="org.justanswer.TestJustAnswer">
    <skipped/>
  </testcase> <!-- verifyExpiryFormatError -->
  <testcase name="verifyzipError" time="0.001" classname="org.justanswer.TestJustAnswer">
    <skipped/>
  </testcase> <!-- verifyzipError -->
  <testcase name="questionScenario" time="0.0" classname="org.justanswer.TestScenario3">
    <skipped/>
  </testcase> <!-- questionScenario -->
</testsuite> <!-- Surefire test -->
